<?xml version="1.0" encoding="UTF-8"?>
<!-- Generated by org.testng.reporters.JUnitReportReporter -->
<testsuite hostname="DESKTOP-VF6R5DT" failures="0" tests="7" name="MyTest" time="3.959" errors="0" timestamp="2025-04-22T00:26:39 EET" skipped="3">
  <testcase classname="MyTest" name="loginproccess" time="2.592"/>
  <testcase classname="MyTest" name="AddAllItem" time="1.056"/>
  <testcase classname="MyTest" name="PrintFirstLetter" time="0.192"/>
  <testcase classname="MyTest" name="ExceptLetterT" time="0.119"/>
  <testcase classname="MyTest" name="addRandomItem">
    <skipped/>
  </testcase> <!-- addRandomItem -->
  <testcase classname="MyTest" name="DeleteItem">
    <skipped/>
  </testcase> <!-- DeleteItem -->
  <testcase classname="MyTest" name="LogOut">
    <skipped/>
  </testcase> <!-- LogOut -->
</testsuite> <!-- MyTest -->
